#-----------------------------------------------------------
# Vivado v2018.2 (64-bit)
# SW Build 2258646 on Thu Jun 14 20:03:12 MDT 2018
# IP Build 2256618 on Thu Jun 14 22:10:49 MDT 2018
# Start of session at: Sat Dec  7 19:22:17 2019
# Process ID: 136172
# Current directory: F:/04_Mytask/20191201_Zynq_prj/01_PRJ/20191201_led/prj
# Command line: vivado.exe -gui_launcher_event rodinguilauncherevent147864 F:\04_Mytask\20191201_Zynq_prj\01_PRJ\20191201_led\prj\led.xpr
# Log file: F:/04_Mytask/20191201_Zynq_prj/01_PRJ/20191201_led/prj/vivado.log
# Journal file: F:/04_Mytask/20191201_Zynq_prj/01_PRJ/20191201_led/prj\vivado.jou
#-----------------------------------------------------------
start_gui
open_project F:/04_Mytask/20191201_Zynq_prj/01_PRJ/20191201_led/prj/led.xpr
Scanning sources...
Finished scanning sources
INFO: [IP_Flow 19-234] Refreshing IP repositories
INFO: [IP_Flow 19-1704] No user IP repositories specified
INFO: [IP_Flow 19-2313] Loaded Vivado IP repository 'D:/Xilinx/Vivado/2018.2/data/ip'.
open_project: Time (s): cpu = 00:00:13 ; elapsed = 00:00:11 . Memory (MB): peak = 850.492 ; gain = 186.922
update_compile_order -fileset sources_1
file copy -force F:/04_Mytask/20191201_Zynq_prj/01_PRJ/20191201_led/prj/led.runs/impl_1/top.sysdef F:/04_Mytask/20191201_Zynq_prj/01_PRJ/20191201_led/prj/led.sdk/top.hdf

launch_sdk -workspace F:/04_Mytask/20191201_Zynq_prj/01_PRJ/20191201_led/prj/led.sdk -hwspec F:/04_Mytask/20191201_Zynq_prj/01_PRJ/20191201_led/prj/led.sdk/top.hdf
INFO: [Vivado 12-393] Launching SDK...
INFO: [Vivado 12-417] Running xsdk -workspace F:/04_Mytask/20191201_Zynq_prj/01_PRJ/20191201_led/prj/led.sdk -hwspec F:/04_Mytask/20191201_Zynq_prj/01_PRJ/20191201_led/prj/led.sdk/top.hdf
INFO: [Vivado 12-3157] SDK launch initiated. Please check console for any further messages.
exit
INFO: [Common 17-206] Exiting Vivado at Sat Dec  7 19:50:20 2019...
