#-----------------------------------------------------------
# Vivado v2018.2 (64-bit)
# SW Build 2258646 on Thu Jun 14 20:03:12 MDT 2018
# IP Build 2256618 on Thu Jun 14 22:10:49 MDT 2018
# Start of session at: Sun Mar 15 16:20:43 2020
# Process ID: 96840
# Current directory: F:/04_Mytask/20191201_Zynq_prj/01_PRJ/20191201_led/prj
# Command line: vivado.exe -gui_launcher_event rodinguilauncherevent89460 F:\04_Mytask\20191201_Zynq_prj\01_PRJ\20191201_led\prj\led.xpr
# Log file: F:/04_Mytask/20191201_Zynq_prj/01_PRJ/20191201_led/prj/vivado.log
# Journal file: F:/04_Mytask/20191201_Zynq_prj/01_PRJ/20191201_led/prj\vivado.jou
#-----------------------------------------------------------
start_gui
open_project F:/04_Mytask/20191201_Zynq_prj/01_PRJ/20191201_led/prj/led.xpr
Scanning sources...
Finished scanning sources
INFO: [IP_Flow 19-234] Refreshing IP repositories
INFO: [IP_Flow 19-1704] No user IP repositories specified
INFO: [IP_Flow 19-2313] Loaded Vivado IP repository 'D:/Xilinx/Vivado/2018.2/data/ip'.
open_project: Time (s): cpu = 00:00:14 ; elapsed = 00:00:10 . Memory (MB): peak = 817.355 ; gain = 123.836
update_compile_order -fileset sources_1
launch_sdk -workspace F:/04_Mytask/20191201_Zynq_prj/01_PRJ/20191201_led/prj/led.sdk -hwspec F:/04_Mytask/20191201_Zynq_prj/01_PRJ/20191201_led/prj/led.sdk/top.hdf
INFO: [Vivado 12-393] Launching SDK...
INFO: [Vivado 12-417] Running xsdk -workspace F:/04_Mytask/20191201_Zynq_prj/01_PRJ/20191201_led/prj/led.sdk -hwspec F:/04_Mytask/20191201_Zynq_prj/01_PRJ/20191201_led/prj/led.sdk/top.hdf
INFO: [Vivado 12-3157] SDK launch initiated. Please check console for any further messages.
open_bd_design {F:/04_Mytask/20191201_Zynq_prj/01_PRJ/20191201_led/prj/led.srcs/sources_1/bd/design_1/design_1.bd}
Adding cell -- xilinx.com:ip:processing_system7:5.5 - processing_system7_0
Successfully read diagram <design_1> from BD file <F:/04_Mytask/20191201_Zynq_prj/01_PRJ/20191201_led/prj/led.srcs/sources_1/bd/design_1/design_1.bd>
WARNING: [IP_Flow 19-474] Invalid Parameter 'Component_Name'
reset_run synth_1
launch_runs impl_1 -to_step write_bitstream -jobs 4
[Sun Mar 15 16:34:52 2020] Launched synth_1...
Run output will be captured here: F:/04_Mytask/20191201_Zynq_prj/01_PRJ/20191201_led/prj/led.runs/synth_1/runme.log
[Sun Mar 15 16:34:52 2020] Launched impl_1...
Run output will be captured here: F:/04_Mytask/20191201_Zynq_prj/01_PRJ/20191201_led/prj/led.runs/impl_1/runme.log
file copy -force F:/04_Mytask/20191201_Zynq_prj/01_PRJ/20191201_led/prj/led.runs/impl_1/top.sysdef F:/04_Mytask/20191201_Zynq_prj/01_PRJ/20191201_led/prj/led.sdk/top.hdf

file copy -force F:/04_Mytask/20191201_Zynq_prj/01_PRJ/20191201_led/prj/led.runs/impl_1/top.sysdef F:/04_Mytask/20191201_Zynq_prj/01_PRJ/20191201_led/prj/led.sdk/top.hdf

launch_sdk -workspace F:/04_Mytask/20191201_Zynq_prj/01_PRJ/20191201_led/prj/led.sdk -hwspec F:/04_Mytask/20191201_Zynq_prj/01_PRJ/20191201_led/prj/led.sdk/top.hdf
INFO: [Vivado 12-393] Launching SDK...
INFO: [Vivado 12-417] Running xsdk -workspace F:/04_Mytask/20191201_Zynq_prj/01_PRJ/20191201_led/prj/led.sdk -hwspec F:/04_Mytask/20191201_Zynq_prj/01_PRJ/20191201_led/prj/led.sdk/top.hdf
INFO: [Vivado 12-3157] SDK launch initiated. Please check console for any further messages.
exit
INFO: [Common 17-206] Exiting Vivado at Sun Mar 15 16:50:56 2020...
